<?xml version="1.0" encoding="UTF-8"?>
<!-- Generated by org.testng.reporters.JUnitReportReporter -->
<testsuite hostname="Lenovo" failures="0" tests="1" name="TestCase.TC_01" time="17.228" errors="0" timestamp="2021-05-30T15:03:56 IST" skipped="0">
  <testcase classname="TestCase.TC_01" name="TC_01_Verify" time="17.228"/>
  <system-out/>
</testsuite> <!-- TestCase.TC_01 -->
